d:\cosas mega tochas de mario\universidad\programación\proyecto-videojuego\pang\tmp\debug\vc140.pdb
d:\cosas mega tochas de mario\universidad\programación\proyecto-videojuego\pang\tmp\debug\vc140.idb
d:\cosas mega tochas de mario\universidad\programación\proyecto-videojuego\pang\tmp\debug\cbasket.obj
d:\cosas mega tochas de mario\universidad\programación\proyecto-videojuego\pang\tmp\debug\ccordilleras.obj
d:\cosas mega tochas de mario\universidad\programación\proyecto-videojuego\pang\tmp\debug\cdestruye.obj
d:\cosas mega tochas de mario\universidad\programación\proyecto-videojuego\pang\tmp\debug\cempollon.obj
d:\cosas mega tochas de mario\universidad\programación\proyecto-videojuego\pang\tmp\debug\cenemigo.obj
d:\cosas mega tochas de mario\universidad\programación\proyecto-videojuego\pang\tmp\debug\cetsidiante.obj
d:\cosas mega tochas de mario\universidad\programación\proyecto-videojuego\pang\tmp\debug\chippie.obj
d:\cosas mega tochas de mario\universidad\programación\proyecto-videojuego\pang\tmp\debug\cmapa.obj
d:\cosas mega tochas de mario\universidad\programación\proyecto-videojuego\pang\tmp\debug\cpasota.obj
d:\cosas mega tochas de mario\universidad\programación\proyecto-videojuego\pang\tmp\debug\cpersonaje.obj
d:\cosas mega tochas de mario\universidad\programación\proyecto-videojuego\pang\tmp\debug\ctuno.obj
d:\cosas mega tochas de mario\universidad\programación\proyecto-videojuego\pang\tmp\debug\cvoley.obj
d:\cosas mega tochas de mario\universidad\programación\proyecto-videojuego\pang\tmp\debug\pang.obj
d:\cosas mega tochas de mario\universidad\programación\proyecto-videojuego\pang\bin\pang.pdb
d:\cosas mega tochas de mario\universidad\programación\proyecto-videojuego\pang\tmp\debug\pang.tlog\cl.command.1.tlog
d:\cosas mega tochas de mario\universidad\programación\proyecto-videojuego\pang\tmp\debug\pang.tlog\cl.read.1.tlog
d:\cosas mega tochas de mario\universidad\programación\proyecto-videojuego\pang\tmp\debug\pang.tlog\cl.write.1.tlog
d:\cosas mega tochas de mario\universidad\programación\proyecto-videojuego\pang\tmp\debug\pang.tlog\link-cvtres.read.1.tlog
d:\cosas mega tochas de mario\universidad\programación\proyecto-videojuego\pang\tmp\debug\pang.tlog\link-cvtres.write.1.tlog
d:\cosas mega tochas de mario\universidad\programación\proyecto-videojuego\pang\tmp\debug\pang.tlog\link-rc.read.1.tlog
d:\cosas mega tochas de mario\universidad\programación\proyecto-videojuego\pang\tmp\debug\pang.tlog\link-rc.write.1.tlog
d:\cosas mega tochas de mario\universidad\programación\proyecto-videojuego\pang\tmp\debug\pang.tlog\link.3056-cvtres.read.1.tlog
d:\cosas mega tochas de mario\universidad\programación\proyecto-videojuego\pang\tmp\debug\pang.tlog\link.3056-cvtres.write.1.tlog
d:\cosas mega tochas de mario\universidad\programación\proyecto-videojuego\pang\tmp\debug\pang.tlog\link.3056-rc.read.1.tlog
d:\cosas mega tochas de mario\universidad\programación\proyecto-videojuego\pang\tmp\debug\pang.tlog\link.3056-rc.write.1.tlog
d:\cosas mega tochas de mario\universidad\programación\proyecto-videojuego\pang\tmp\debug\pang.tlog\link.3056.read.1.tlog
d:\cosas mega tochas de mario\universidad\programación\proyecto-videojuego\pang\tmp\debug\pang.tlog\link.3056.write.1.tlog
d:\cosas mega tochas de mario\universidad\programación\proyecto-videojuego\pang\tmp\debug\pang.tlog\link.command.1.tlog
d:\cosas mega tochas de mario\universidad\programación\proyecto-videojuego\pang\tmp\debug\pang.tlog\link.read.1.tlog
d:\cosas mega tochas de mario\universidad\programación\proyecto-videojuego\pang\tmp\debug\pang.tlog\link.write.1.tlog
