d:\onedrive\documentos\proyecto-videojuego\pang\tmp\debug\vc140.pdb
d:\onedrive\documentos\proyecto-videojuego\pang\tmp\debug\vc140.idb
d:\onedrive\documentos\proyecto-videojuego\pang\tmp\debug\cbasket.obj
d:\onedrive\documentos\proyecto-videojuego\pang\tmp\debug\ccordilleras.obj
d:\onedrive\documentos\proyecto-videojuego\pang\tmp\debug\cdestruye.obj
d:\onedrive\documentos\proyecto-videojuego\pang\tmp\debug\cempollon.obj
d:\onedrive\documentos\proyecto-videojuego\pang\tmp\debug\cenemigo.obj
d:\onedrive\documentos\proyecto-videojuego\pang\tmp\debug\cente.obj
d:\onedrive\documentos\proyecto-videojuego\pang\tmp\debug\cetsidiante.obj
d:\onedrive\documentos\proyecto-videojuego\pang\tmp\debug\chippie.obj
d:\onedrive\documentos\proyecto-videojuego\pang\tmp\debug\cinaccesible.obj
d:\onedrive\documentos\proyecto-videojuego\pang\tmp\debug\cmapa.obj
d:\onedrive\documentos\proyecto-videojuego\pang\tmp\debug\cnada.obj
d:\onedrive\documentos\proyecto-videojuego\pang\tmp\debug\cpasota.obj
d:\onedrive\documentos\proyecto-videojuego\pang\tmp\debug\cpersonaje.obj
d:\onedrive\documentos\proyecto-videojuego\pang\tmp\debug\ctuno.obj
d:\onedrive\documentos\proyecto-videojuego\pang\tmp\debug\cvoley.obj
d:\onedrive\documentos\proyecto-videojuego\pang\tmp\debug\pang.obj
d:\onedrive\documentos\proyecto-videojuego\pang\bin\pang.ilk
d:\onedrive\documentos\proyecto-videojuego\pang\bin\pang.exe
d:\onedrive\documentos\proyecto-videojuego\pang\bin\pang.pdb
d:\onedrive\documentos\proyecto-videojuego\pang\tmp\debug\pang.tlog\cl.command.1.tlog
d:\onedrive\documentos\proyecto-videojuego\pang\tmp\debug\pang.tlog\cl.read.1.tlog
d:\onedrive\documentos\proyecto-videojuego\pang\tmp\debug\pang.tlog\cl.write.1.tlog
d:\onedrive\documentos\proyecto-videojuego\pang\tmp\debug\pang.tlog\link.command.1.tlog
d:\onedrive\documentos\proyecto-videojuego\pang\tmp\debug\pang.tlog\link.read.1.tlog
d:\onedrive\documentos\proyecto-videojuego\pang\tmp\debug\pang.tlog\link.write.1.tlog
